2026-07-13 23:24:18,872 [INFO] MainThread: Initializing Audio Pipe Server...
2026-07-13 23:47:42,144 [INFO] MainThread: Initializing Audio Pipe Server...
2026-07-13 23:47:42,220 [INFO] MainThread: ========================================
2026-07-13 23:47:42,221 [INFO] MainThread:  AUDIO PIPE SERVER RUNNING 
2026-07-13 23:47:42,221 [INFO] MainThread: ========================================
2026-07-13 23:47:42,221 [INFO] MainThread: Phone -> PC: Active (Listening on port 12345)
2026-07-13 23:47:42,221 [INFO] MainThread: PC -> Phone: Active (Streaming to port 12346)
2026-07-13 23:47:42,222 [INFO] MainThread: Press Ctrl+C to stop the server.
2026-07-13 23:47:42,222 [INFO] MainThread: ========================================
2026-07-13 23:48:01,725 [INFO] MainThread: Shutting down Audio Pipe Server...
2026-07-13 23:48:02,575 [INFO] MainThread: Initializing Audio Pipe Server...
2026-07-13 23:48:02,650 [INFO] MainThread: ========================================
2026-07-13 23:48:02,650 [INFO] MainThread:  AUDIO PIPE SERVER RUNNING 
2026-07-13 23:48:02,651 [INFO] MainThread: ========================================
2026-07-13 23:48:02,651 [INFO] MainThread: Phone -> PC: Active (Listening on port 12345)
2026-07-13 23:48:02,651 [INFO] MainThread: PC -> Phone: Active (Streaming to port 12346)
2026-07-13 23:48:02,651 [INFO] MainThread: Press Ctrl+C to stop the server.
2026-07-13 23:48:02,651 [INFO] MainThread: ========================================
2026-07-13 23:48:13,277 [INFO] MainThread: Shutting down Audio Pipe Server...
2026-07-13 23:48:16,391 [INFO] MainThread: Initializing Audio Pipe Server...
2026-07-13 23:48:16,467 [INFO] MainThread: ========================================
2026-07-13 23:48:16,468 [INFO] MainThread:  AUDIO PIPE SERVER RUNNING 
2026-07-13 23:48:16,468 [INFO] MainThread: ========================================
2026-07-13 23:48:16,468 [INFO] MainThread: Phone -> PC: Active (Listening on port 12345)
2026-07-13 23:48:16,468 [INFO] MainThread: PC -> Phone: Active (Streaming to port 12346)
2026-07-13 23:48:16,468 [INFO] MainThread: Press Ctrl+C to stop the server.
2026-07-13 23:48:16,468 [INFO] MainThread: ========================================
2026-07-13 23:57:45,091 [INFO] MainThread: Shutting down Audio Pipe Server...
